Analysis & Synthesis report for min_max_top
Fri Oct 13 12:23:58 2017
Quartus II 64-Bit Version 13.0.0 Build 156 04/24/2013 SJ Full Version


---------------------
; Table of Contents ;
---------------------
  1. Legal Notice
  2. Analysis & Synthesis Summary
  3. Analysis & Synthesis Settings
  4. Parallel Compilation
  5. Analysis & Synthesis Source Files Read
  6. Analysis & Synthesis Resource Usage Summary
  7. Analysis & Synthesis Resource Utilization by Entity
  8. General Register Statistics
  9. Multiplexer Restructuring Statistics (Restructuring Performed)
 10. Port Connectivity Checks: "min_max_top:U1|normal:NML|bin_lin:bl_min"
 11. Analysis & Synthesis Messages



----------------
; Legal Notice ;
----------------
Copyright (C) 1991-2013 Altera Corporation
Your use of Altera Corporation's design tools, logic functions 
and other software and tools, and its AMPP partner logic 
functions, and any output files from any of the foregoing 
(including device programming or simulation files), and any 
associated documentation or information are expressly subject 
to the terms and conditions of the Altera Program License 
Subscription Agreement, Altera MegaCore Function License 
Agreement, or other applicable license agreement, including, 
without limitation, that your use is for the sole purpose of 
programming logic devices manufactured by Altera and sold by 
Altera or its authorized distributors.  Please refer to the 
applicable agreement for further details.



+---------------------------------------------------------------------------+
; Analysis & Synthesis Summary                                              ;
+-----------------------------+---------------------------------------------+
; Analysis & Synthesis Status ; Successful - Fri Oct 13 12:23:58 2017       ;
; Quartus II 64-Bit Version   ; 13.0.0 Build 156 04/24/2013 SJ Full Version ;
; Revision Name               ; min_max_top                                 ;
; Top-level Entity Name       ; maxv_top                                    ;
; Family                      ; MAX V                                       ;
; Total logic elements        ; 112                                         ;
; Total pins                  ; 159                                         ;
; Total virtual pins          ; 0                                           ;
; UFM blocks                  ; 0 / 1 ( 0 % )                               ;
+-----------------------------+---------------------------------------------+


+----------------------------------------------------------------------------------------------------------------------+
; Analysis & Synthesis Settings                                                                                        ;
+----------------------------------------------------------------------------+--------------------+--------------------+
; Option                                                                     ; Setting            ; Default Value      ;
+----------------------------------------------------------------------------+--------------------+--------------------+
; Device                                                                     ; 5M570ZF256C5       ;                    ;
; Top-level entity name                                                      ; maxv_top           ; min_max_top        ;
; Family name                                                                ; MAX V              ; Cyclone IV GX      ;
; Use smart compilation                                                      ; Off                ; Off                ;
; Enable parallel Assembler and TimeQuest Timing Analyzer during compilation ; On                 ; On                 ;
; Enable compact report table                                                ; Off                ; Off                ;
; Restructure Multiplexers                                                   ; Auto               ; Auto               ;
; Create Debugging Nodes for IP Cores                                        ; Off                ; Off                ;
; Preserve fewer node names                                                  ; On                 ; On                 ;
; Disable OpenCore Plus hardware evaluation                                  ; Off                ; Off                ;
; Verilog Version                                                            ; Verilog_2001       ; Verilog_2001       ;
; VHDL Version                                                               ; VHDL_1993          ; VHDL_1993          ;
; State Machine Processing                                                   ; Auto               ; Auto               ;
; Safe State Machine                                                         ; Off                ; Off                ;
; Extract Verilog State Machines                                             ; On                 ; On                 ;
; Extract VHDL State Machines                                                ; On                 ; On                 ;
; Ignore Verilog initial constructs                                          ; Off                ; Off                ;
; Iteration limit for constant Verilog loops                                 ; 5000               ; 5000               ;
; Iteration limit for non-constant Verilog loops                             ; 250                ; 250                ;
; Add Pass-Through Logic to Inferred RAMs                                    ; On                 ; On                 ;
; Infer RAMs from Raw Logic                                                  ; On                 ; On                 ;
; Parallel Synthesis                                                         ; On                 ; On                 ;
; NOT Gate Push-Back                                                         ; On                 ; On                 ;
; Power-Up Don't Care                                                        ; On                 ; On                 ;
; Remove Redundant Logic Cells                                               ; Off                ; Off                ;
; Remove Duplicate Registers                                                 ; On                 ; On                 ;
; Ignore CARRY Buffers                                                       ; Off                ; Off                ;
; Ignore CASCADE Buffers                                                     ; Off                ; Off                ;
; Ignore GLOBAL Buffers                                                      ; Off                ; Off                ;
; Ignore ROW GLOBAL Buffers                                                  ; Off                ; Off                ;
; Ignore LCELL Buffers                                                       ; Off                ; Off                ;
; Ignore SOFT Buffers                                                        ; On                 ; On                 ;
; Limit AHDL Integers to 32 Bits                                             ; Off                ; Off                ;
; Optimization Technique                                                     ; Balanced           ; Balanced           ;
; Carry Chain Length                                                         ; 70                 ; 70                 ;
; Auto Carry Chains                                                          ; On                 ; On                 ;
; Auto Open-Drain Pins                                                       ; On                 ; On                 ;
; Perform WYSIWYG Primitive Resynthesis                                      ; Off                ; Off                ;
; Auto Shift Register Replacement                                            ; Auto               ; Auto               ;
; Allow Shift Register Merging across Hierarchies                            ; Auto               ; Auto               ;
; Auto Clock Enable Replacement                                              ; On                 ; On                 ;
; Allow Synchronous Control Signals                                          ; On                 ; On                 ;
; Force Use of Synchronous Clear Signals                                     ; Off                ; Off                ;
; Auto Resource Sharing                                                      ; Off                ; Off                ;
; Use LogicLock Constraints during Resource Balancing                        ; On                 ; On                 ;
; Ignore translate_off and synthesis_off directives                          ; Off                ; Off                ;
; Report Parameter Settings                                                  ; On                 ; On                 ;
; Report Source Assignments                                                  ; On                 ; On                 ;
; Report Connectivity Checks                                                 ; On                 ; On                 ;
; Ignore Maximum Fan-Out Assignments                                         ; Off                ; Off                ;
; Synchronization Register Chain Length                                      ; 2                  ; 2                  ;
; PowerPlay Power Optimization                                               ; Normal compilation ; Normal compilation ;
; HDL message level                                                          ; Level2             ; Level2             ;
; Suppress Register Optimization Related Messages                            ; Off                ; Off                ;
; Number of Removed Registers Reported in Synthesis Report                   ; 5000               ; 5000               ;
; Number of Swept Nodes Reported in Synthesis Report                         ; 5000               ; 5000               ;
; Number of Inverted Registers Reported in Synthesis Report                  ; 100                ; 100                ;
; Clock MUX Protection                                                       ; On                 ; On                 ;
; Block Design Naming                                                        ; Auto               ; Auto               ;
; Synthesis Effort                                                           ; Auto               ; Auto               ;
; Shift Register Replacement - Allow Asynchronous Clear Signal               ; On                 ; On                 ;
; Pre-Mapping Resynthesis Optimization                                       ; Off                ; Off                ;
; Analysis & Synthesis Message Level                                         ; Medium             ; Medium             ;
; Disable Register Merging Across Hierarchies                                ; Auto               ; Auto               ;
; Synthesis Seed                                                             ; 1                  ; 1                  ;
+----------------------------------------------------------------------------+--------------------+--------------------+


+------------------------------------------+
; Parallel Compilation                     ;
+----------------------------+-------------+
; Processors                 ; Number      ;
+----------------------------+-------------+
; Number detected on machine ; 8           ;
; Maximum allowed            ; 4           ;
;                            ;             ;
; Average used               ; 1.00        ;
; Maximum used               ; 1           ;
;                            ;             ;
; Usage by Processor         ; % Time Used ;
;     Processor 1            ; 100.0%      ;
;     Processors 2-8         ;   0.0%      ;
+----------------------------+-------------+


+--------------------------------------------------------------------------------------------------------------------------------------------------------+
; Analysis & Synthesis Source Files Read                                                                                                                 ;
+----------------------------------+-----------------+-----------------+-----------------------------------------------------------------------+---------+
; File Name with User-Entered Path ; Used in Netlist ; File Type       ; File Name with Absolute Path                                          ; Library ;
+----------------------------------+-----------------+-----------------+-----------------------------------------------------------------------+---------+
; ../src_cpld/maxv_top.vhd         ; yes             ; User VHDL File  ; /media/redsuser/BATMAN/CSN_Lab02/aff_min_max_17/src_cpld/maxv_top.vhd ;         ;
; ../src/bin_lin.vhd               ; yes             ; User VHDL File  ; /media/redsuser/BATMAN/CSN_Lab02/aff_min_max_17/src/bin_lin.vhd       ;         ;
; ../src/choix.vhd                 ; yes             ; User VHDL File  ; /media/redsuser/BATMAN/CSN_Lab02/aff_min_max_17/src/choix.vhd         ;         ;
; ../src/min_max_top.vhd           ; yes             ; User VHDL File  ; /media/redsuser/BATMAN/CSN_Lab02/aff_min_max_17/src/min_max_top.vhd   ;         ;
; ../src/normal.vhd                ; yes             ; User VHDL File  ; /media/redsuser/BATMAN/CSN_Lab02/aff_min_max_17/src/normal.vhd        ;         ;
+----------------------------------+-----------------+-----------------+-----------------------------------------------------------------------+---------+


+--------------------------------------------------------------+
; Analysis & Synthesis Resource Usage Summary                  ;
+---------------------------------------------+----------------+
; Resource                                    ; Usage          ;
+---------------------------------------------+----------------+
; Total logic elements                        ; 112            ;
;     -- Combinational with no register       ; 92             ;
;     -- Register only                        ; 0              ;
;     -- Combinational with a register        ; 20             ;
;                                             ;                ;
; Logic element usage by number of LUT inputs ;                ;
;     -- 4 input functions                    ; 60             ;
;     -- 3 input functions                    ; 26             ;
;     -- 2 input functions                    ; 25             ;
;     -- 1 input functions                    ; 1              ;
;     -- 0 input functions                    ; 0              ;
;                                             ;                ;
; Logic elements by mode                      ;                ;
;     -- normal mode                          ; 94             ;
;     -- arithmetic mode                      ; 18             ;
;     -- qfbk mode                            ; 0              ;
;     -- register cascade mode                ; 0              ;
;     -- synchronous clear/load mode          ; 0              ;
;     -- asynchronous clear/load mode         ; 20             ;
;                                             ;                ;
; Total registers                             ; 20             ;
; Total logic cells in carry chains           ; 19             ;
; I/O pins                                    ; 159            ;
; Maximum fan-out node                        ; Con_80p_io[25] ;
; Maximum fan-out                             ; 31             ;
; Total fan-out                               ; 426            ;
; Average fan-out                             ; 1.57           ;
+---------------------------------------------+----------------+


+-----------------------------------------------------------------------------------------------------------------------------------------------------------------------------------------------------------------------------------------------------+
; Analysis & Synthesis Resource Utilization by Entity                                                                                                                                                                                                 ;
+----------------------------+-------------+--------------+------------+------+--------------+--------------+-------------------+------------------+-----------------+------------+----------------------------------------------------+--------------+
; Compilation Hierarchy Node ; Logic Cells ; LC Registers ; UFM Blocks ; Pins ; Virtual Pins ; LUT-Only LCs ; Register-Only LCs ; LUT/Register LCs ; Carry Chain LCs ; Packed LCs ; Full Hierarchy Name                                ; Library Name ;
+----------------------------+-------------+--------------+------------+------+--------------+--------------+-------------------+------------------+-----------------+------------+----------------------------------------------------+--------------+
; |maxv_top                  ; 112 (20)    ; 20           ; 0          ; 159  ; 0            ; 92 (0)       ; 0 (0)             ; 20 (20)          ; 19 (19)         ; 0 (0)      ; |maxv_top                                          ; work         ;
;    |min_max_top:U1|        ; 92 (0)      ; 0            ; 0          ; 0    ; 0            ; 92 (0)       ; 0 (0)             ; 0 (0)            ; 0 (0)           ; 0 (0)      ; |maxv_top|min_max_top:U1                           ; work         ;
;       |choix:CHX|          ; 49 (49)     ; 0            ; 0          ; 0    ; 0            ; 49 (49)      ; 0 (0)             ; 0 (0)            ; 0 (0)           ; 0 (0)      ; |maxv_top|min_max_top:U1|choix:CHX                 ; work         ;
;       |normal:NML|         ; 43 (2)      ; 0            ; 0          ; 0    ; 0            ; 43 (2)       ; 0 (0)             ; 0 (0)            ; 0 (0)           ; 0 (0)      ; |maxv_top|min_max_top:U1|normal:NML                ; work         ;
;          |bin_lin:bl_max|  ; 11 (11)     ; 0            ; 0          ; 0    ; 0            ; 11 (11)      ; 0 (0)             ; 0 (0)            ; 0 (0)           ; 0 (0)      ; |maxv_top|min_max_top:U1|normal:NML|bin_lin:bl_max ; work         ;
;          |bin_lin:bl_min|  ; 18 (18)     ; 0            ; 0          ; 0    ; 0            ; 18 (18)      ; 0 (0)             ; 0 (0)            ; 0 (0)           ; 0 (0)      ; |maxv_top|min_max_top:U1|normal:NML|bin_lin:bl_min ; work         ;
;          |bin_lin:bl_val|  ; 12 (12)     ; 0            ; 0          ; 0    ; 0            ; 12 (12)      ; 0 (0)             ; 0 (0)            ; 0 (0)           ; 0 (0)      ; |maxv_top|min_max_top:U1|normal:NML|bin_lin:bl_val ; work         ;
+----------------------------+-------------+--------------+------------+------+--------------+--------------+-------------------+------------------+-----------------+------------+----------------------------------------------------+--------------+
Note: For table entries with two numbers listed, the numbers in parentheses indicate the number of resources of the given type used by the specific entity alone. The numbers listed outside of parentheses indicate the total resources of the given type used by the specific entity and all of its sub-entities in the hierarchy.


+------------------------------------------------------+
; General Register Statistics                          ;
+----------------------------------------------+-------+
; Statistic                                    ; Value ;
+----------------------------------------------+-------+
; Total registers                              ; 20    ;
; Number of registers using Synchronous Clear  ; 0     ;
; Number of registers using Synchronous Load   ; 0     ;
; Number of registers using Asynchronous Clear ; 20    ;
; Number of registers using Asynchronous Load  ; 0     ;
; Number of registers using Clock Enable       ; 0     ;
; Number of registers using Preset             ; 0     ;
+----------------------------------------------+-------+


+--------------------------------------------------------------------------------------------------------------------------------------------------------+
; Multiplexer Restructuring Statistics (Restructuring Performed)                                                                                         ;
+--------------------+-----------+---------------+----------------------+------------------------+------------+------------------------------------------+
; Multiplexer Inputs ; Bus Width ; Baseline Area ; Area if Restructured ; Saving if Restructured ; Registered ; Example Multiplexer Output               ;
+--------------------+-----------+---------------+----------------------+------------------------+------------+------------------------------------------+
; 5:1                ; 15 bits   ; 45 LEs        ; 45 LEs               ; 0 LEs                  ; No         ; |maxv_top|min_max_top:U1|choix:CHX|Mux14 ;
+--------------------+-----------+---------------+----------------------+------------------------+------------+------------------------------------------+


+--------------------------------------------------------------------------------------------------------------------+
; Port Connectivity Checks: "min_max_top:U1|normal:NML|bin_lin:bl_min"                                               ;
+----------+--------+----------+-------------------------------------------------------------------------------------+
; Port     ; Type   ; Severity ; Details                                                                             ;
+----------+--------+----------+-------------------------------------------------------------------------------------+
; lin_o[0] ; Output ; Info     ; Connected to dangling logic. Logic that only feeds a dangling port will be removed. ;
+----------+--------+----------+-------------------------------------------------------------------------------------+


+-------------------------------+
; Analysis & Synthesis Messages ;
+-------------------------------+
Info: *******************************************************************
Info: Running Quartus II 64-Bit Analysis & Synthesis
    Info: Version 13.0.0 Build 156 04/24/2013 SJ Full Version
    Info: Processing started: Fri Oct 13 12:23:55 2017
Info: Command: quartus_map --read_settings_files=on --write_settings_files=off min_max_top -c min_max_top
Info (11104): Parallel Compilation has detected 8 hyper-threaded processors. However, the extra hyper-threaded processors will not be used by default. Parallel Compilation will use 4 of the 4 physical processors detected instead.
Info (12021): Found 2 design units, including 1 entities, in source file /media/redsuser/BATMAN/CSN_Lab02/aff_min_max_17/src_cpld/maxv_top.vhd
    Info (12022): Found design unit 1: maxv_top-struct
    Info (12023): Found entity 1: maxv_top
Info (12021): Found 2 design units, including 1 entities, in source file /media/redsuser/BATMAN/CSN_Lab02/aff_min_max_17/src/bin_lin.vhd
    Info (12022): Found design unit 1: bin_lin-eq_logic
    Info (12023): Found entity 1: bin_lin
Info (12021): Found 2 design units, including 1 entities, in source file /media/redsuser/BATMAN/CSN_Lab02/aff_min_max_17/src/choix.vhd
    Info (12022): Found design unit 1: choix-behaviour
    Info (12023): Found entity 1: choix
Info (12021): Found 2 design units, including 1 entities, in source file /media/redsuser/BATMAN/CSN_Lab02/aff_min_max_17/src/min_max_top.vhd
    Info (12022): Found design unit 1: min_max_top-struct
    Info (12023): Found entity 1: min_max_top
Info (12021): Found 2 design units, including 1 entities, in source file /media/redsuser/BATMAN/CSN_Lab02/aff_min_max_17/src/normal.vhd
    Info (12022): Found design unit 1: normal-a_normal
    Info (12023): Found entity 1: normal
Info (12127): Elaborating entity "maxv_top" for the top level hierarchy
Warning (10036): Verilog HDL or VHDL warning at maxv_top.vhd(75): object "Button_s" assigned a value but never read
Warning (10541): VHDL Signal Declaration warning at maxv_top.vhd(76): used implicit default value for signal "Led_s" because signal was never assigned a value or an explicit default value. Use of implicit default value may introduce unintended design optimizations.
Warning (10036): Verilog HDL or VHDL warning at maxv_top.vhd(82): object "osc_s" assigned a value but never read
Warning (10873): Using initial value X (don't care) for net "Con_80p_DO_s[79..57]" at maxv_top.vhd(70)
Warning (10873): Using initial value X (don't care) for net "Con_80p_DO_s[40..2]" at maxv_top.vhd(70)
Warning (10873): Using initial value X (don't care) for net "Seven_Seg_s[6..0]" at maxv_top.vhd(77)
Info (12129): Elaborating entity "min_max_top" using architecture "A:struct" for hierarchy "min_max_top:U1"
Info (12128): Elaborating entity "normal" for hierarchy "min_max_top:U1|normal:NML"
Warning (10540): VHDL Signal Declaration warning at normal.vhd(43): used explicit default value for signal "out_of_bounds_mask" because signal was never assigned a value
Info (12128): Elaborating entity "bin_lin" for hierarchy "min_max_top:U1|normal:NML|bin_lin:bl_max"
Info (12128): Elaborating entity "choix" for hierarchy "min_max_top:U1|choix:CHX"
Warning (13039): The following bidir pins have no drivers
    Warning (13040): Bidir "Con_25p_io[1]" has no driver
    Warning (13040): Bidir "Con_25p_io[2]" has no driver
    Warning (13040): Bidir "Con_25p_io[3]" has no driver
    Warning (13040): Bidir "Con_25p_io[4]" has no driver
    Warning (13040): Bidir "Con_25p_io[5]" has no driver
    Warning (13040): Bidir "Con_25p_io[6]" has no driver
    Warning (13040): Bidir "Con_25p_io[7]" has no driver
    Warning (13040): Bidir "Con_25p_io[8]" has no driver
    Warning (13040): Bidir "Con_25p_io[9]" has no driver
    Warning (13040): Bidir "Con_25p_io[10]" has no driver
    Warning (13040): Bidir "Con_25p_io[11]" has no driver
    Warning (13040): Bidir "Con_25p_io[12]" has no driver
    Warning (13040): Bidir "Con_25p_io[13]" has no driver
    Warning (13040): Bidir "Con_25p_io[14]" has no driver
    Warning (13040): Bidir "Con_25p_io[15]" has no driver
    Warning (13040): Bidir "Con_25p_io[16]" has no driver
    Warning (13040): Bidir "Con_25p_io[17]" has no driver
    Warning (13040): Bidir "Con_25p_io[18]" has no driver
    Warning (13040): Bidir "Con_25p_io[19]" has no driver
    Warning (13040): Bidir "Con_25p_io[20]" has no driver
    Warning (13040): Bidir "Con_25p_io[21]" has no driver
    Warning (13040): Bidir "Con_25p_io[22]" has no driver
    Warning (13040): Bidir "Con_25p_io[23]" has no driver
    Warning (13040): Bidir "Con_25p_io[24]" has no driver
    Warning (13040): Bidir "Con_25p_io[25]" has no driver
    Warning (13040): Bidir "Mezzanine_io[5]" has no driver
    Warning (13040): Bidir "Mezzanine_io[6]" has no driver
    Warning (13040): Bidir "Mezzanine_io[7]" has no driver
    Warning (13040): Bidir "Mezzanine_io[8]" has no driver
    Warning (13040): Bidir "Mezzanine_io[9]" has no driver
    Warning (13040): Bidir "Mezzanine_io[10]" has no driver
    Warning (13040): Bidir "Mezzanine_io[11]" has no driver
    Warning (13040): Bidir "Mezzanine_io[12]" has no driver
    Warning (13040): Bidir "Mezzanine_io[13]" has no driver
    Warning (13040): Bidir "Mezzanine_io[14]" has no driver
    Warning (13040): Bidir "Mezzanine_io[15]" has no driver
    Warning (13040): Bidir "Mezzanine_io[16]" has no driver
    Warning (13040): Bidir "Mezzanine_io[17]" has no driver
    Warning (13040): Bidir "Mezzanine_io[18]" has no driver
    Warning (13040): Bidir "Mezzanine_io[19]" has no driver
    Warning (13040): Bidir "Mezzanine_io[20]" has no driver
Warning (13009): TRI or OPNDRN buffers permanently enabled
    Warning (13010): Node "Con_80p_io[41]~synth"
    Warning (13010): Node "Con_80p_io[42]~synth"
    Warning (13010): Node "Con_80p_io[43]~synth"
    Warning (13010): Node "Con_80p_io[44]~synth"
    Warning (13010): Node "Con_80p_io[45]~synth"
    Warning (13010): Node "Con_80p_io[46]~synth"
    Warning (13010): Node "Con_80p_io[47]~synth"
    Warning (13010): Node "Con_80p_io[48]~synth"
    Warning (13010): Node "Con_80p_io[49]~synth"
    Warning (13010): Node "Con_80p_io[50]~synth"
    Warning (13010): Node "Con_80p_io[51]~synth"
    Warning (13010): Node "Con_80p_io[52]~synth"
    Warning (13010): Node "Con_80p_io[53]~synth"
    Warning (13010): Node "Con_80p_io[54]~synth"
    Warning (13010): Node "Con_80p_io[55]~synth"
    Warning (13010): Node "Con_80p_io[56]~synth"
Warning (13024): Output pins are stuck at VCC or GND
    Warning (13410): Pin "nLed_o[0]" is stuck at GND
    Warning (13410): Pin "nLed_o[1]" is stuck at GND
    Warning (13410): Pin "nLed_o[2]" is stuck at GND
    Warning (13410): Pin "nLed_o[3]" is stuck at GND
    Warning (13410): Pin "nLed_o[4]" is stuck at GND
    Warning (13410): Pin "nLed_o[5]" is stuck at GND
    Warning (13410): Pin "nLed_o[6]" is stuck at GND
    Warning (13410): Pin "nLed_o[7]" is stuck at GND
    Warning (13410): Pin "Led_RGB_o[0]" is stuck at GND
    Warning (13410): Pin "Led_RGB_o[1]" is stuck at GND
    Warning (13410): Pin "Led_RGB_o[2]" is stuck at GND
    Warning (13410): Pin "nSeven_Seg_o[0]" is stuck at VCC
    Warning (13410): Pin "nSeven_Seg_o[1]" is stuck at VCC
    Warning (13410): Pin "nSeven_Seg_o[2]" is stuck at VCC
    Warning (13410): Pin "nSeven_Seg_o[3]" is stuck at VCC
    Warning (13410): Pin "nSeven_Seg_o[4]" is stuck at VCC
    Warning (13410): Pin "nSeven_Seg_o[5]" is stuck at VCC
    Warning (13410): Pin "nSeven_Seg_o[6]" is stuck at VCC
Warning (21074): Design contains 19 input pin(s) that do not drive logic
    Warning (15610): No output dependent on input pin "Clk_Gen_i"
    Warning (15610): No output dependent on input pin "Encoder_A_i"
    Warning (15610): No output dependent on input pin "Encoder_B_i"
    Warning (15610): No output dependent on input pin "nButton_i[1]"
    Warning (15610): No output dependent on input pin "nButton_i[2]"
    Warning (15610): No output dependent on input pin "nButton_i[3]"
    Warning (15610): No output dependent on input pin "nButton_i[4]"
    Warning (15610): No output dependent on input pin "nButton_i[5]"
    Warning (15610): No output dependent on input pin "nButton_i[6]"
    Warning (15610): No output dependent on input pin "nButton_i[7]"
    Warning (15610): No output dependent on input pin "nButton_i[8]"
    Warning (15610): No output dependent on input pin "Switch_i[0]"
    Warning (15610): No output dependent on input pin "Switch_i[1]"
    Warning (15610): No output dependent on input pin "Switch_i[2]"
    Warning (15610): No output dependent on input pin "Switch_i[3]"
    Warning (15610): No output dependent on input pin "Switch_i[4]"
    Warning (15610): No output dependent on input pin "Switch_i[5]"
    Warning (15610): No output dependent on input pin "Switch_i[6]"
    Warning (15610): No output dependent on input pin "Switch_i[7]"
Info (21057): Implemented 271 device resources after synthesis - the final resource count might be different
    Info (21058): Implemented 21 input pins
    Info (21059): Implemented 19 output pins
    Info (21060): Implemented 119 bidirectional pins
    Info (21061): Implemented 112 logic cells
Info: Quartus II 64-Bit Analysis & Synthesis was successful. 0 errors, 105 warnings
    Info: Peak virtual memory: 601 megabytes
    Info: Processing ended: Fri Oct 13 12:23:58 2017
    Info: Elapsed time: 00:00:03
    Info: Total CPU time (on all processors): 00:00:02


